Sun Aug 24 19:20:24 PDT 2025
with RT:       16
methods:
  12 omdb
   4 web_search
Sun Aug 24 19:22:24 PDT 2025
with RT:       16
methods:
  12 omdb
   4 web_search
Sun Aug 24 19:24:24 PDT 2025
with RT:       16
methods:
  12 omdb
   4 web_search
Sun Aug 24 19:26:24 PDT 2025
with RT:       16
methods:
  12 omdb
   4 web_search
Sun Aug 24 19:28:24 PDT 2025
with RT:       16
methods:
  12 omdb
   4 web_search
Sun Aug 24 19:30:24 PDT 2025
with RT:       16
methods:
  12 omdb
   4 web_search
Sun Aug 24 19:32:24 PDT 2025
with RT:       16
methods:
  12 omdb
   4 web_search
Sun Aug 24 19:34:24 PDT 2025
with RT:       16
methods:
  12 omdb
   4 web_search
Sun Aug 24 19:36:24 PDT 2025
with RT:       16
methods:
  12 omdb
   4 web_search
Sun Aug 24 19:38:24 PDT 2025
with RT:       16
methods:
  12 omdb
   4 web_search
Sun Aug 24 19:40:24 PDT 2025
with RT:       16
methods:
  12 omdb
   4 web_search
Sun Aug 24 19:42:24 PDT 2025
with RT:       16
methods:
  12 omdb
   4 web_search
Sun Aug 24 19:44:24 PDT 2025
with RT:       16
methods:
  12 omdb
   4 web_search
Sun Aug 24 19:46:24 PDT 2025
with RT:       16
methods:
  12 omdb
   4 web_search
Sun Aug 24 19:48:24 PDT 2025
with RT:       16
methods:
  12 omdb
   4 web_search
Sun Aug 24 19:50:25 PDT 2025
with RT:       16
methods:
  12 omdb
   4 web_search
Sun Aug 24 19:52:25 PDT 2025
with RT:       16
methods:
  12 omdb
   4 web_search
Sun Aug 24 19:54:25 PDT 2025
with RT:       16
methods:
  12 omdb
   4 web_search
Sun Aug 24 19:56:25 PDT 2025
with RT:       16
methods:
  12 omdb
   4 web_search
Sun Aug 24 19:58:25 PDT 2025
with RT:       16
methods:
  12 omdb
   4 web_search
Sun Aug 24 20:00:25 PDT 2025
with RT:       16
methods:
  12 omdb
   4 web_search
Sun Aug 24 20:02:25 PDT 2025
with RT:       16
methods:
  12 omdb
   4 web_search
Sun Aug 24 20:04:25 PDT 2025
with RT:       16
methods:
  12 omdb
   4 web_search
Sun Aug 24 20:06:25 PDT 2025
with RT:       16
methods:
  12 omdb
   4 web_search
Sun Aug 24 20:08:25 PDT 2025
with RT:       16
methods:
  12 omdb
   4 web_search
Sun Aug 24 20:10:25 PDT 2025
with RT:       16
methods:
  12 omdb
   4 web_search
Sun Aug 24 20:12:25 PDT 2025
with RT:       16
methods:
  12 omdb
   4 web_search
Sun Aug 24 20:14:25 PDT 2025
with RT:       16
methods:
  12 omdb
   4 web_search
Sun Aug 24 20:16:25 PDT 2025
with RT:       16
methods:
  12 omdb
   4 web_search
Sun Aug 24 20:18:25 PDT 2025
with RT:       16
methods:
  12 omdb
   4 web_search
Sun Aug 24 20:20:25 PDT 2025
with RT:       16
methods:
  12 omdb
   4 web_search
Sun Aug 24 20:22:25 PDT 2025
with RT:       16
methods:
  12 omdb
   4 web_search
Sun Aug 24 20:24:25 PDT 2025
with RT:       16
methods:
  12 omdb
   4 web_search
Sun Aug 24 20:26:25 PDT 2025
with RT:       16
methods:
  12 omdb
   4 web_search
Sun Aug 24 20:28:25 PDT 2025
with RT:       16
methods:
  12 omdb
   4 web_search
Sun Aug 24 20:30:25 PDT 2025
with RT:       16
methods:
  12 omdb
   4 web_search
Sun Aug 24 20:32:25 PDT 2025
with RT:       16
methods:
  12 omdb
   4 web_search
Sun Aug 24 20:34:25 PDT 2025
with RT:       16
methods:
  12 omdb
   4 web_search
Sun Aug 24 20:36:25 PDT 2025
with RT:       16
methods:
  12 omdb
   4 web_search
Sun Aug 24 20:38:25 PDT 2025
with RT:       16
methods:
  12 omdb
   4 web_search
Sun Aug 24 20:40:25 PDT 2025
with RT:       16
methods:
  12 omdb
   4 web_search
Sun Aug 24 20:42:25 PDT 2025
with RT:       16
methods:
  12 omdb
   4 web_search
Sun Aug 24 20:44:25 PDT 2025
with RT:       16
methods:
  12 omdb
   4 web_search
Sun Aug 24 20:46:26 PDT 2025
with RT:       16
methods:
  12 omdb
   4 web_search
Sun Aug 24 20:48:26 PDT 2025
with RT:       16
methods:
  12 omdb
   4 web_search
Sun Aug 24 20:50:26 PDT 2025
with RT:       16
methods:
  12 omdb
   4 web_search
Sun Aug 24 20:52:26 PDT 2025
with RT:       16
methods:
  12 omdb
   4 web_search
Sun Aug 24 20:54:26 PDT 2025
with RT:       16
methods:
  12 omdb
   4 web_search
Sun Aug 24 20:56:26 PDT 2025
with RT:       16
methods:
  12 omdb
   4 web_search
Sun Aug 24 20:58:26 PDT 2025
with RT:       16
methods:
  12 omdb
   4 web_search
Sun Aug 24 21:00:26 PDT 2025
with RT:       16
methods:
  12 omdb
   4 web_search
Sun Aug 24 21:02:26 PDT 2025
with RT:       16
methods:
  12 omdb
   4 web_search
Sun Aug 24 21:04:26 PDT 2025
with RT:       16
methods:
  12 omdb
   4 web_search
Sun Aug 24 21:06:26 PDT 2025
with RT:       16
methods:
  12 omdb
   4 web_search
Sun Aug 24 21:08:26 PDT 2025
with RT:       16
methods:
  12 omdb
   4 web_search
Sun Aug 24 21:10:26 PDT 2025
with RT:       16
methods:
  12 omdb
   4 web_search
Sun Aug 24 21:12:26 PDT 2025
with RT:       16
methods:
  12 omdb
   4 web_search
Sun Aug 24 21:14:26 PDT 2025
with RT:       16
methods:
  12 omdb
   4 web_search
Sun Aug 24 21:16:26 PDT 2025
with RT:       16
methods:
  12 omdb
   4 web_search
Sun Aug 24 21:18:26 PDT 2025
with RT:       16
methods:
  12 omdb
   4 web_search
Sun Aug 24 21:20:26 PDT 2025
with RT:       16
methods:
  12 omdb
   4 web_search
Sun Aug 24 21:22:26 PDT 2025
with RT:       16
methods:
  12 omdb
   4 web_search
Sun Aug 24 21:24:26 PDT 2025
with RT:       16
methods:
  12 omdb
   4 web_search
Sun Aug 24 21:26:26 PDT 2025
with RT:       16
methods:
  12 omdb
   4 web_search
Sun Aug 24 21:28:26 PDT 2025
with RT:       16
methods:
  12 omdb
   4 web_search
Sun Aug 24 21:30:26 PDT 2025
with RT:       16
methods:
  12 omdb
   4 web_search
Sun Aug 24 21:32:26 PDT 2025
with RT:       16
methods:
  12 omdb
   4 web_search
Sun Aug 24 21:34:26 PDT 2025
with RT:       16
methods:
  12 omdb
   4 web_search
Sun Aug 24 21:36:26 PDT 2025
with RT:       16
methods:
  12 omdb
   4 web_search
Sun Aug 24 21:38:27 PDT 2025
with RT:       16
methods:
  12 omdb
   4 web_search
Sun Aug 24 21:40:27 PDT 2025
with RT:       16
methods:
  12 omdb
   4 web_search
Sun Aug 24 21:42:27 PDT 2025
with RT:       16
methods:
  12 omdb
   4 web_search
Sun Aug 24 21:44:27 PDT 2025
with RT:       16
methods:
  12 omdb
   4 web_search
Sun Aug 24 21:46:27 PDT 2025
with RT:       16
methods:
  12 omdb
   4 web_search
Sun Aug 24 21:48:27 PDT 2025
with RT:       16
methods:
  12 omdb
   4 web_search
Sun Aug 24 21:50:27 PDT 2025
with RT:       16
methods:
  12 omdb
   4 web_search
Sun Aug 24 21:52:27 PDT 2025
with RT:       16
methods:
  12 omdb
   4 web_search
Sun Aug 24 21:54:27 PDT 2025
with RT:       16
methods:
  12 omdb
   4 web_search
Sun Aug 24 21:56:27 PDT 2025
with RT:       16
methods:
  12 omdb
   4 web_search
Sun Aug 24 21:58:27 PDT 2025
with RT:       16
methods:
  12 omdb
   4 web_search
Sun Aug 24 22:00:27 PDT 2025
with RT:       16
methods:
  12 omdb
   4 web_search
Sun Aug 24 22:02:27 PDT 2025
with RT:       16
methods:
  12 omdb
   4 web_search
Sun Aug 24 22:04:27 PDT 2025
with RT:       16
methods:
  12 omdb
   4 web_search
Sun Aug 24 22:06:27 PDT 2025
with RT:       16
methods:
  12 omdb
   4 web_search
Sun Aug 24 22:08:27 PDT 2025
with RT:       16
methods:
  12 omdb
   4 web_search
Sun Aug 24 22:10:27 PDT 2025
with RT:       16
methods:
  12 omdb
   4 web_search
Sun Aug 24 22:12:27 PDT 2025
with RT:       16
methods:
  12 omdb
   4 web_search
Sun Aug 24 22:14:27 PDT 2025
with RT:       16
methods:
  12 omdb
   4 web_search
Sun Aug 24 22:16:27 PDT 2025
with RT:       16
methods:
  12 omdb
   4 web_search
Sun Aug 24 22:18:27 PDT 2025
with RT:       16
methods:
  12 omdb
   4 web_search
Sun Aug 24 22:20:27 PDT 2025
with RT:       16
methods:
  12 omdb
   4 web_search
Sun Aug 24 22:22:27 PDT 2025
with RT:       16
methods:
  12 omdb
   4 web_search
Sun Aug 24 22:24:27 PDT 2025
with RT:       16
methods:
  12 omdb
   4 web_search
Sun Aug 24 22:26:27 PDT 2025
with RT:       16
methods:
  12 omdb
   4 web_search
Sun Aug 24 22:28:27 PDT 2025
with RT:       16
methods:
  12 omdb
   4 web_search
Sun Aug 24 22:30:27 PDT 2025
with RT:       16
methods:
  12 omdb
   4 web_search
Sun Aug 24 22:32:27 PDT 2025
with RT:       16
methods:
  12 omdb
   4 web_search
Sun Aug 24 22:49:30 PDT 2025
with RT:       16
methods:
  12 omdb
   4 web_search
Sun Aug 24 23:59:43 PDT 2025
with RT:       16
methods:
  12 omdb
   4 web_search
Mon Aug 25 00:01:43 PDT 2025
with RT:       16
methods:
  12 omdb
   4 web_search
Mon Aug 25 00:03:43 PDT 2025
with RT:       16
methods:
  12 omdb
   4 web_search
Mon Aug 25 00:05:44 PDT 2025
with RT:       16
methods:
  12 omdb
   4 web_search
Mon Aug 25 00:07:44 PDT 2025
with RT:        0
methods:
Mon Aug 25 00:09:44 PDT 2025
with RT:        0
methods:
Mon Aug 25 00:11:44 PDT 2025
with RT:        0
methods:
Mon Aug 25 00:13:44 PDT 2025
with RT:        0
methods:
Mon Aug 25 00:15:44 PDT 2025
with RT:        0
methods:
Mon Aug 25 00:17:44 PDT 2025
with RT:        0
methods:
Mon Aug 25 00:19:44 PDT 2025
with RT:        0
methods:
Mon Aug 25 00:21:44 PDT 2025
with RT:        0
methods:
Mon Aug 25 00:23:44 PDT 2025
with RT:        0
methods:
Mon Aug 25 00:25:44 PDT 2025
with RT:        0
methods:
Mon Aug 25 00:27:44 PDT 2025
with RT:        0
methods:
Mon Aug 25 00:29:44 PDT 2025
with RT:        0
methods:
Mon Aug 25 00:31:44 PDT 2025
with RT:        0
methods:
Mon Aug 25 00:33:44 PDT 2025
with RT:        0
methods:
Mon Aug 25 00:35:44 PDT 2025
with RT:        0
methods:
Mon Aug 25 00:37:44 PDT 2025
with RT:        0
methods:
Mon Aug 25 00:39:44 PDT 2025
with RT:        0
methods:
Mon Aug 25 00:41:44 PDT 2025
with RT:        0
methods:
Mon Aug 25 00:43:44 PDT 2025
with RT:        0
methods:
Mon Aug 25 00:45:44 PDT 2025
with RT:        0
methods:
Mon Aug 25 00:47:44 PDT 2025
with RT:        0
methods:
Mon Aug 25 00:49:44 PDT 2025
with RT:        0
methods:
Mon Aug 25 00:51:44 PDT 2025
with RT:        0
methods:
Mon Aug 25 00:53:44 PDT 2025
with RT:        0
methods:
Mon Aug 25 00:55:44 PDT 2025
with RT:        0
methods:
Mon Aug 25 00:57:45 PDT 2025
with RT:        0
methods:
Mon Aug 25 00:59:45 PDT 2025
with RT:        0
methods:
Mon Aug 25 01:01:45 PDT 2025
with RT:        0
methods:
Mon Aug 25 01:03:45 PDT 2025
with RT:        0
methods:
Mon Aug 25 01:05:45 PDT 2025
with RT:        0
methods:
Mon Aug 25 01:07:45 PDT 2025
with RT:        0
methods:
Mon Aug 25 01:09:45 PDT 2025
with RT:        0
methods:
Mon Aug 25 01:11:45 PDT 2025
with RT:        0
methods:
Mon Aug 25 01:13:45 PDT 2025
with RT:        0
methods:
Mon Aug 25 01:15:45 PDT 2025
with RT:        0
methods:
Mon Aug 25 01:17:45 PDT 2025
with RT:        0
methods:
Mon Aug 25 01:19:45 PDT 2025
with RT:        0
methods:
Mon Aug 25 01:21:45 PDT 2025
with RT:        0
methods:
Mon Aug 25 01:23:45 PDT 2025
with RT:        0
methods:
Mon Aug 25 01:25:45 PDT 2025
with RT:        0
methods:
Mon Aug 25 01:27:45 PDT 2025
with RT:        0
methods:
Mon Aug 25 01:29:45 PDT 2025
with RT:        0
methods:
Mon Aug 25 01:31:45 PDT 2025
with RT:        0
methods:
Mon Aug 25 01:33:45 PDT 2025
with RT:        0
methods:
Mon Aug 25 01:35:45 PDT 2025
with RT:        0
methods:
Mon Aug 25 01:37:45 PDT 2025
with RT:        0
methods:
Mon Aug 25 01:39:45 PDT 2025
with RT:        0
methods:
Mon Aug 25 01:41:45 PDT 2025
with RT:        0
methods:
Mon Aug 25 01:43:45 PDT 2025
with RT:        0
methods:
Mon Aug 25 01:45:45 PDT 2025
with RT:        0
methods:
Mon Aug 25 01:47:46 PDT 2025
with RT:        0
methods:
Mon Aug 25 01:49:46 PDT 2025
with RT:        0
methods:
Mon Aug 25 01:51:46 PDT 2025
with RT:        0
methods:
Mon Aug 25 01:53:46 PDT 2025
with RT:        0
methods:
Mon Aug 25 01:55:46 PDT 2025
with RT:        0
methods:
Mon Aug 25 01:57:46 PDT 2025
with RT:        0
methods:
Mon Aug 25 01:59:46 PDT 2025
with RT:        0
methods:
Mon Aug 25 02:01:46 PDT 2025
with RT:        0
methods:
Mon Aug 25 02:03:46 PDT 2025
with RT:        0
methods:
Mon Aug 25 02:05:46 PDT 2025
with RT:        0
methods:
Mon Aug 25 02:07:46 PDT 2025
with RT:        0
methods:
Mon Aug 25 02:09:46 PDT 2025
with RT:        0
methods:
Mon Aug 25 02:11:46 PDT 2025
with RT:        0
methods:
Mon Aug 25 02:13:46 PDT 2025
with RT:        0
methods:
Mon Aug 25 02:15:46 PDT 2025
with RT:        0
methods:
Mon Aug 25 02:17:46 PDT 2025
with RT:        0
methods:
Mon Aug 25 02:19:46 PDT 2025
with RT:        0
methods:
Mon Aug 25 02:21:46 PDT 2025
with RT:        0
methods:
Mon Aug 25 02:23:46 PDT 2025
with RT:        0
methods:
Mon Aug 25 02:25:46 PDT 2025
with RT:        0
methods:
Mon Aug 25 02:27:46 PDT 2025
with RT:        0
methods:
Mon Aug 25 02:29:46 PDT 2025
with RT:        0
methods:
Mon Aug 25 02:31:46 PDT 2025
with RT:        0
methods:
Mon Aug 25 02:33:46 PDT 2025
with RT:        0
methods:
Mon Aug 25 02:35:46 PDT 2025
with RT:        0
methods:
Mon Aug 25 02:37:47 PDT 2025
with RT:        0
methods:
Mon Aug 25 02:39:47 PDT 2025
with RT:        0
methods:
Mon Aug 25 02:41:47 PDT 2025
with RT:        0
methods:
Mon Aug 25 02:43:47 PDT 2025
with RT:        0
methods:
Mon Aug 25 02:45:47 PDT 2025
with RT:        0
methods:
Mon Aug 25 02:47:47 PDT 2025
with RT:        0
methods:
Mon Aug 25 02:49:47 PDT 2025
with RT:        0
methods:
Mon Aug 25 02:51:47 PDT 2025
with RT:        0
methods:
Mon Aug 25 02:53:47 PDT 2025
with RT:        0
methods:
Mon Aug 25 02:55:47 PDT 2025
with RT:        0
methods:
Mon Aug 25 02:57:47 PDT 2025
with RT:        0
methods:
Mon Aug 25 02:59:47 PDT 2025
with RT:        0
methods:
Mon Aug 25 03:01:47 PDT 2025
with RT:        0
methods:
Mon Aug 25 03:03:47 PDT 2025
with RT:        0
methods:
Mon Aug 25 03:05:47 PDT 2025
with RT:        0
methods:
Mon Aug 25 03:07:47 PDT 2025
with RT:        0
methods:
Mon Aug 25 03:09:47 PDT 2025
with RT:        0
methods:
Mon Aug 25 03:11:47 PDT 2025
with RT:        0
methods:
Mon Aug 25 03:13:47 PDT 2025
with RT:        0
methods:
Mon Aug 25 03:15:47 PDT 2025
with RT:        0
methods:
Mon Aug 25 03:17:47 PDT 2025
with RT:        0
methods:
Mon Aug 25 03:19:47 PDT 2025
with RT:        0
methods:
Mon Aug 25 03:21:47 PDT 2025
with RT:        0
methods:
Mon Aug 25 03:23:48 PDT 2025
with RT:        0
methods:
Mon Aug 25 03:25:48 PDT 2025
with RT:        0
methods:
Mon Aug 25 03:27:48 PDT 2025
with RT:        0
methods:
Mon Aug 25 03:29:48 PDT 2025
with RT:        0
methods:
Mon Aug 25 03:31:48 PDT 2025
with RT:        0
methods:
Mon Aug 25 03:33:48 PDT 2025
with RT:        0
methods:
Mon Aug 25 03:35:48 PDT 2025
with RT:        0
methods:
Mon Aug 25 03:37:48 PDT 2025
with RT:        0
methods:
Mon Aug 25 03:39:48 PDT 2025
with RT:        0
methods:
Mon Aug 25 03:41:48 PDT 2025
with RT:        0
methods:
Mon Aug 25 03:43:48 PDT 2025
with RT:        0
methods:
Mon Aug 25 03:45:48 PDT 2025
with RT:        0
methods:
Mon Aug 25 03:47:48 PDT 2025
with RT:        0
methods:
Mon Aug 25 03:49:48 PDT 2025
with RT:        0
methods:
Mon Aug 25 03:51:48 PDT 2025
with RT:        0
methods:
Mon Aug 25 03:53:48 PDT 2025
with RT:        0
methods:
Mon Aug 25 03:55:48 PDT 2025
with RT:        0
methods:
Mon Aug 25 03:57:48 PDT 2025
with RT:        0
methods:
Mon Aug 25 03:59:48 PDT 2025
with RT:        0
methods:
Mon Aug 25 04:01:48 PDT 2025
with RT:        0
methods:
Mon Aug 25 04:03:48 PDT 2025
with RT:        0
methods:
Mon Aug 25 04:05:48 PDT 2025
with RT:        0
methods:
Mon Aug 25 04:07:48 PDT 2025
with RT:        0
methods:
Mon Aug 25 04:09:49 PDT 2025
with RT:        0
methods:
Mon Aug 25 04:11:49 PDT 2025
with RT:        0
methods:
Mon Aug 25 04:13:49 PDT 2025
with RT:        0
methods:
Mon Aug 25 04:15:49 PDT 2025
with RT:        0
methods:
Mon Aug 25 04:17:49 PDT 2025
with RT:        0
methods:
Mon Aug 25 04:19:49 PDT 2025
with RT:        0
methods:
Mon Aug 25 04:21:49 PDT 2025
with RT:        0
methods:
Mon Aug 25 04:23:49 PDT 2025
with RT:        0
methods:
Mon Aug 25 04:25:49 PDT 2025
with RT:        0
methods:
Mon Aug 25 04:27:49 PDT 2025
with RT:        0
methods:
Mon Aug 25 04:29:49 PDT 2025
with RT:        0
methods:
Mon Aug 25 04:31:49 PDT 2025
with RT:        0
methods:
Mon Aug 25 04:33:49 PDT 2025
with RT:        0
methods:
Mon Aug 25 04:35:49 PDT 2025
with RT:        0
methods:
Mon Aug 25 04:37:49 PDT 2025
with RT:        0
methods:
Mon Aug 25 04:39:49 PDT 2025
with RT:        0
methods:
Mon Aug 25 04:41:49 PDT 2025
with RT:        0
methods:
Mon Aug 25 04:43:49 PDT 2025
with RT:        0
methods:
Mon Aug 25 04:45:49 PDT 2025
with RT:        0
methods:
Mon Aug 25 04:47:49 PDT 2025
with RT:        0
methods:
Mon Aug 25 04:49:49 PDT 2025
with RT:        0
methods:
Mon Aug 25 04:51:49 PDT 2025
with RT:        0
methods:
Mon Aug 25 04:53:49 PDT 2025
with RT:        0
methods:
Mon Aug 25 04:55:49 PDT 2025
with RT:        0
methods:
Mon Aug 25 04:57:49 PDT 2025
with RT:        0
methods:
Mon Aug 25 11:39:06 PDT 2025
with RT:        0
methods:
Mon Aug 25 11:41:06 PDT 2025
with RT:        0
methods:
Mon Aug 25 11:43:06 PDT 2025
with RT:        0
methods:
Mon Aug 25 11:45:06 PDT 2025
with RT:        0
methods:
Mon Aug 25 11:47:06 PDT 2025
with RT:        0
methods:
Mon Aug 25 11:49:06 PDT 2025
with RT:        0
methods:
Mon Aug 25 11:51:06 PDT 2025
with RT:        0
methods:
Mon Aug 25 11:53:06 PDT 2025
with RT:        0
methods:
Mon Aug 25 11:55:06 PDT 2025
with RT:        0
methods:
Mon Aug 25 11:57:06 PDT 2025
with RT:        0
methods:
Mon Aug 25 11:59:06 PDT 2025
with RT:        0
methods:
Mon Aug 25 12:01:06 PDT 2025
with RT:        0
methods:
Mon Aug 25 12:03:06 PDT 2025
with RT:        0
methods:
Mon Aug 25 12:05:06 PDT 2025
with RT:        0
methods:
Mon Aug 25 12:07:06 PDT 2025
with RT:        0
methods:
Mon Aug 25 12:09:06 PDT 2025
with RT:        0
methods:
Mon Aug 25 12:11:06 PDT 2025
with RT:        0
methods:
Mon Aug 25 12:13:06 PDT 2025
with RT:        0
methods:
Mon Aug 25 12:15:07 PDT 2025
with RT:        0
methods:
Mon Aug 25 12:17:07 PDT 2025
with RT:        0
methods:
Mon Aug 25 12:19:07 PDT 2025
with RT:        0
methods:
Mon Aug 25 12:21:07 PDT 2025
with RT:        0
methods:
Mon Aug 25 12:23:07 PDT 2025
with RT:        0
methods:
Mon Aug 25 12:25:07 PDT 2025
with RT:        0
methods:
Mon Aug 25 12:27:07 PDT 2025
with RT:        0
methods:
Mon Aug 25 12:29:07 PDT 2025
with RT:        0
methods:
Mon Aug 25 12:31:07 PDT 2025
with RT:        0
methods:
Mon Aug 25 12:33:07 PDT 2025
with RT:        0
methods:
Mon Aug 25 12:35:07 PDT 2025
with RT:        0
methods:
Mon Aug 25 12:37:07 PDT 2025
with RT:        0
methods:
Mon Aug 25 12:39:07 PDT 2025
with RT:        0
methods:
Mon Aug 25 12:41:07 PDT 2025
with RT:        0
methods:
Mon Aug 25 12:43:07 PDT 2025
with RT:        0
methods:
Mon Aug 25 12:45:07 PDT 2025
with RT:        0
methods:
Mon Aug 25 12:47:07 PDT 2025
with RT:        0
methods:
Mon Aug 25 12:49:07 PDT 2025
with RT:        0
methods:
Mon Aug 25 12:51:07 PDT 2025
with RT:        0
methods:
Mon Aug 25 12:53:07 PDT 2025
with RT:        0
methods:
Mon Aug 25 12:55:08 PDT 2025
with RT:        0
methods:
Mon Aug 25 12:57:08 PDT 2025
with RT:        0
methods:
Mon Aug 25 12:59:08 PDT 2025
with RT:        0
methods:
Mon Aug 25 13:01:08 PDT 2025
with RT:        0
methods:
Mon Aug 25 13:03:08 PDT 2025
with RT:        0
methods:
Mon Aug 25 13:05:08 PDT 2025
with RT:        0
methods:
Mon Aug 25 13:07:14 PDT 2025
with RT:        0
methods:
Mon Aug 25 13:09:14 PDT 2025
with RT:        0
methods:
Mon Aug 25 13:11:14 PDT 2025
with RT:        0
methods:
Mon Aug 25 13:13:14 PDT 2025
with RT:        0
methods:
Mon Aug 25 13:15:14 PDT 2025
with RT:        0
methods:
Mon Aug 25 13:17:14 PDT 2025
with RT:        0
methods:
Mon Aug 25 13:19:14 PDT 2025
with RT:        0
methods:
Mon Aug 25 13:21:14 PDT 2025
with RT:        0
methods:
Mon Aug 25 13:23:14 PDT 2025
with RT:        0
methods:
Mon Aug 25 13:25:14 PDT 2025
with RT:        0
methods:
Mon Aug 25 13:27:14 PDT 2025
with RT:        0
methods:
Mon Aug 25 13:29:14 PDT 2025
with RT:        0
methods:
Mon Aug 25 13:31:14 PDT 2025
with RT:        0
methods:
Mon Aug 25 13:33:14 PDT 2025
with RT:        0
methods:
Mon Aug 25 13:35:14 PDT 2025
with RT:        0
methods:
Mon Aug 25 13:37:14 PDT 2025
with RT:        0
methods:
Mon Aug 25 13:39:14 PDT 2025
with RT:        0
methods:
Mon Aug 25 13:41:14 PDT 2025
with RT:        0
methods:
Mon Aug 25 13:43:14 PDT 2025
with RT:        0
methods:
Mon Aug 25 13:45:14 PDT 2025
with RT:        0
methods:
Mon Aug 25 13:47:14 PDT 2025
with RT:        0
methods:
Mon Aug 25 13:49:14 PDT 2025
with RT:        0
methods:
Mon Aug 25 13:51:14 PDT 2025
with RT:        0
methods:
Mon Aug 25 13:53:15 PDT 2025
with RT:        0
methods:
Mon Aug 25 13:55:15 PDT 2025
with RT:        0
methods:
Mon Aug 25 13:57:15 PDT 2025
with RT:        0
methods:
Mon Aug 25 13:59:15 PDT 2025
with RT:        0
methods:
Mon Aug 25 14:01:15 PDT 2025
with RT:        0
methods:
Mon Aug 25 14:03:15 PDT 2025
with RT:        0
methods:
Mon Aug 25 14:05:15 PDT 2025
with RT:        0
methods:
Mon Aug 25 14:07:15 PDT 2025
with RT:        0
methods:
Mon Aug 25 14:09:15 PDT 2025
with RT:        0
methods:
Mon Aug 25 14:11:15 PDT 2025
with RT:        0
methods:
Mon Aug 25 14:13:15 PDT 2025
with RT:        0
methods:
Mon Aug 25 14:15:15 PDT 2025
with RT:        0
methods:
Mon Aug 25 14:17:15 PDT 2025
with RT:        0
methods:
Mon Aug 25 14:19:15 PDT 2025
with RT:        0
methods:
Mon Aug 25 14:21:15 PDT 2025
with RT:        0
methods:
Mon Aug 25 14:23:15 PDT 2025
with RT:        0
methods:
Mon Aug 25 14:25:15 PDT 2025
with RT:        0
methods:
Mon Aug 25 14:27:15 PDT 2025
with RT:        0
methods:
Mon Aug 25 14:29:15 PDT 2025
with RT:        0
methods:
Mon Aug 25 14:31:15 PDT 2025
with RT:        0
methods:
Mon Aug 25 14:33:15 PDT 2025
with RT:        0
methods:
Mon Aug 25 14:35:15 PDT 2025
with RT:        0
methods:
Mon Aug 25 14:37:15 PDT 2025
with RT:        0
methods:
Mon Aug 25 14:39:15 PDT 2025
with RT:        0
methods:
Mon Aug 25 14:41:16 PDT 2025
with RT:        0
methods:
Mon Aug 25 14:43:16 PDT 2025
with RT:        0
methods:
Mon Aug 25 14:45:16 PDT 2025
with RT:        0
methods:
Mon Aug 25 14:47:16 PDT 2025
with RT:        0
methods:
Mon Aug 25 14:49:16 PDT 2025
with RT:        0
methods:
Mon Aug 25 14:51:16 PDT 2025
with RT:        0
methods:
Mon Aug 25 14:53:16 PDT 2025
with RT:        0
methods:
Mon Aug 25 14:55:16 PDT 2025
with RT:        0
methods:
Mon Aug 25 14:57:16 PDT 2025
with RT:        0
methods:
Mon Aug 25 14:59:16 PDT 2025
with RT:        0
methods:
Mon Aug 25 15:01:16 PDT 2025
with RT:        0
methods:
Mon Aug 25 15:03:16 PDT 2025
with RT:        0
methods:
Mon Aug 25 15:05:16 PDT 2025
with RT:        0
methods:
Mon Aug 25 15:07:16 PDT 2025
with RT:        0
methods:
Mon Aug 25 15:09:16 PDT 2025
with RT:        0
methods:
Mon Aug 25 15:11:16 PDT 2025
with RT:        0
methods:
Mon Aug 25 15:13:16 PDT 2025
with RT:        0
methods:
Mon Aug 25 15:15:16 PDT 2025
with RT:        0
methods:
Mon Aug 25 15:17:16 PDT 2025
with RT:        0
methods:
Mon Aug 25 15:19:16 PDT 2025
with RT:        0
methods:
Mon Aug 25 15:21:16 PDT 2025
with RT:        0
methods:
Mon Aug 25 15:23:16 PDT 2025
with RT:        0
methods:
Mon Aug 25 15:25:16 PDT 2025
with RT:        0
methods:
Mon Aug 25 15:27:16 PDT 2025
with RT:        0
methods:
Mon Aug 25 15:29:17 PDT 2025
with RT:        0
methods:
Mon Aug 25 15:31:17 PDT 2025
with RT:        0
methods:
Mon Aug 25 15:33:17 PDT 2025
with RT:        0
methods:
Mon Aug 25 15:35:17 PDT 2025
with RT:        0
methods:
Mon Aug 25 15:37:17 PDT 2025
with RT:        0
methods:
Mon Aug 25 15:39:17 PDT 2025
with RT:        0
methods:
