Sun Aug 24 19:26:08 PDT 2025
with RT:       16
methods:
  12 omdb
   4 web_search
Sun Aug 24 19:28:08 PDT 2025
with RT:       16
methods:
  12 omdb
   4 web_search
Sun Aug 24 19:30:08 PDT 2025
with RT:       16
methods:
  12 omdb
   4 web_search
Sun Aug 24 19:32:08 PDT 2025
with RT:       16
methods:
  12 omdb
   4 web_search
Sun Aug 24 19:34:08 PDT 2025
with RT:       16
methods:
  12 omdb
   4 web_search
Sun Aug 24 19:36:08 PDT 2025
with RT:       16
methods:
  12 omdb
   4 web_search
Sun Aug 24 19:38:08 PDT 2025
with RT:       16
methods:
  12 omdb
   4 web_search
Sun Aug 24 19:40:08 PDT 2025
with RT:       16
methods:
  12 omdb
   4 web_search
Sun Aug 24 19:42:08 PDT 2025
with RT:       16
methods:
  12 omdb
   4 web_search
Sun Aug 24 19:44:08 PDT 2025
with RT:       16
methods:
  12 omdb
   4 web_search
Sun Aug 24 19:46:08 PDT 2025
with RT:       16
methods:
  12 omdb
   4 web_search
Sun Aug 24 19:48:08 PDT 2025
with RT:       16
methods:
  12 omdb
   4 web_search
Sun Aug 24 19:50:08 PDT 2025
with RT:       16
methods:
  12 omdb
   4 web_search
Sun Aug 24 19:52:08 PDT 2025
with RT:       16
methods:
  12 omdb
   4 web_search
Sun Aug 24 19:54:08 PDT 2025
with RT:       16
methods:
  12 omdb
   4 web_search
Sun Aug 24 19:56:08 PDT 2025
with RT:       16
methods:
  12 omdb
   4 web_search
Sun Aug 24 19:58:08 PDT 2025
with RT:       16
methods:
  12 omdb
   4 web_search
Sun Aug 24 20:00:08 PDT 2025
with RT:       16
methods:
  12 omdb
   4 web_search
Sun Aug 24 20:02:08 PDT 2025
with RT:       16
methods:
  12 omdb
   4 web_search
Sun Aug 24 20:04:08 PDT 2025
with RT:       16
methods:
  12 omdb
   4 web_search
Sun Aug 24 20:06:08 PDT 2025
with RT:       16
methods:
  12 omdb
   4 web_search
Sun Aug 24 20:08:08 PDT 2025
with RT:       16
methods:
  12 omdb
   4 web_search
Sun Aug 24 20:10:08 PDT 2025
with RT:       16
methods:
  12 omdb
   4 web_search
Sun Aug 24 20:12:08 PDT 2025
with RT:       16
methods:
  12 omdb
   4 web_search
Sun Aug 24 20:14:09 PDT 2025
with RT:       16
methods:
  12 omdb
   4 web_search
Sun Aug 24 20:16:09 PDT 2025
with RT:       16
methods:
  12 omdb
   4 web_search
Sun Aug 24 20:18:09 PDT 2025
with RT:       16
methods:
  12 omdb
   4 web_search
Sun Aug 24 20:20:09 PDT 2025
with RT:       16
methods:
  12 omdb
   4 web_search
Sun Aug 24 20:22:09 PDT 2025
with RT:       16
methods:
  12 omdb
   4 web_search
Sun Aug 24 20:24:09 PDT 2025
with RT:       16
methods:
  12 omdb
   4 web_search
Sun Aug 24 20:26:09 PDT 2025
with RT:       16
methods:
  12 omdb
   4 web_search
Sun Aug 24 20:28:09 PDT 2025
with RT:       16
methods:
  12 omdb
   4 web_search
Sun Aug 24 20:30:09 PDT 2025
with RT:       16
methods:
  12 omdb
   4 web_search
Sun Aug 24 20:32:09 PDT 2025
with RT:       16
methods:
  12 omdb
   4 web_search
Sun Aug 24 20:34:09 PDT 2025
with RT:       16
methods:
  12 omdb
   4 web_search
Sun Aug 24 20:36:09 PDT 2025
with RT:       16
methods:
  12 omdb
   4 web_search
Sun Aug 24 20:38:09 PDT 2025
with RT:       16
methods:
  12 omdb
   4 web_search
Sun Aug 24 20:40:09 PDT 2025
with RT:       16
methods:
  12 omdb
   4 web_search
Sun Aug 24 20:42:09 PDT 2025
with RT:       16
methods:
  12 omdb
   4 web_search
Sun Aug 24 20:44:09 PDT 2025
with RT:       16
methods:
  12 omdb
   4 web_search
Sun Aug 24 20:46:09 PDT 2025
with RT:       16
methods:
  12 omdb
   4 web_search
Sun Aug 24 20:48:09 PDT 2025
with RT:       16
methods:
  12 omdb
   4 web_search
Sun Aug 24 20:50:09 PDT 2025
with RT:       16
methods:
  12 omdb
   4 web_search
Sun Aug 24 20:52:10 PDT 2025
with RT:       16
methods:
  12 omdb
   4 web_search
Sun Aug 24 20:54:10 PDT 2025
with RT:       16
methods:
  12 omdb
   4 web_search
Sun Aug 24 20:56:10 PDT 2025
with RT:       16
methods:
  12 omdb
   4 web_search
Sun Aug 24 20:58:10 PDT 2025
with RT:       16
methods:
  12 omdb
   4 web_search
Sun Aug 24 21:00:10 PDT 2025
with RT:       16
methods:
  12 omdb
   4 web_search
Sun Aug 24 21:02:10 PDT 2025
with RT:       16
methods:
  12 omdb
   4 web_search
Sun Aug 24 21:04:10 PDT 2025
with RT:       16
methods:
  12 omdb
   4 web_search
Sun Aug 24 21:06:10 PDT 2025
with RT:       16
methods:
  12 omdb
   4 web_search
Sun Aug 24 21:08:10 PDT 2025
with RT:       16
methods:
  12 omdb
   4 web_search
Sun Aug 24 21:10:10 PDT 2025
with RT:       16
methods:
  12 omdb
   4 web_search
Sun Aug 24 21:12:10 PDT 2025
with RT:       16
methods:
  12 omdb
   4 web_search
Sun Aug 24 21:14:10 PDT 2025
with RT:       16
methods:
  12 omdb
   4 web_search
Sun Aug 24 21:16:10 PDT 2025
with RT:       16
methods:
  12 omdb
   4 web_search
Sun Aug 24 21:18:10 PDT 2025
with RT:       16
methods:
  12 omdb
   4 web_search
Sun Aug 24 21:20:11 PDT 2025
with RT:       16
methods:
  12 omdb
   4 web_search
Sun Aug 24 21:22:11 PDT 2025
with RT:       16
methods:
  12 omdb
   4 web_search
Sun Aug 24 21:24:11 PDT 2025
with RT:       16
methods:
  12 omdb
   4 web_search
Sun Aug 24 21:26:11 PDT 2025
with RT:       16
methods:
  12 omdb
   4 web_search
Sun Aug 24 21:28:11 PDT 2025
with RT:       16
methods:
  12 omdb
   4 web_search
Sun Aug 24 21:30:11 PDT 2025
with RT:       16
methods:
  12 omdb
   4 web_search
Sun Aug 24 21:32:11 PDT 2025
with RT:       16
methods:
  12 omdb
   4 web_search
Sun Aug 24 21:34:11 PDT 2025
with RT:       16
methods:
  12 omdb
   4 web_search
Sun Aug 24 21:36:11 PDT 2025
with RT:       16
methods:
  12 omdb
   4 web_search
Sun Aug 24 21:38:11 PDT 2025
with RT:       16
methods:
  12 omdb
   4 web_search
Sun Aug 24 21:40:11 PDT 2025
with RT:       16
methods:
  12 omdb
   4 web_search
Sun Aug 24 21:42:11 PDT 2025
with RT:       16
methods:
  12 omdb
   4 web_search
Sun Aug 24 21:44:11 PDT 2025
with RT:       16
methods:
  12 omdb
   4 web_search
Sun Aug 24 21:46:11 PDT 2025
with RT:       16
methods:
  12 omdb
   4 web_search
Sun Aug 24 21:48:11 PDT 2025
with RT:       16
methods:
  12 omdb
   4 web_search
Sun Aug 24 21:50:11 PDT 2025
with RT:       16
methods:
  12 omdb
   4 web_search
Sun Aug 24 21:52:12 PDT 2025
with RT:       16
methods:
  12 omdb
   4 web_search
Sun Aug 24 21:54:12 PDT 2025
with RT:       16
methods:
  12 omdb
   4 web_search
Sun Aug 24 21:56:12 PDT 2025
with RT:       16
methods:
  12 omdb
   4 web_search
Sun Aug 24 21:58:12 PDT 2025
with RT:       16
methods:
  12 omdb
   4 web_search
Sun Aug 24 22:00:12 PDT 2025
with RT:       16
methods:
  12 omdb
   4 web_search
Sun Aug 24 22:02:12 PDT 2025
with RT:       16
methods:
  12 omdb
   4 web_search
Sun Aug 24 22:04:12 PDT 2025
with RT:       16
methods:
  12 omdb
   4 web_search
Sun Aug 24 22:06:12 PDT 2025
with RT:       16
methods:
  12 omdb
   4 web_search
Sun Aug 24 22:08:12 PDT 2025
with RT:       16
methods:
  12 omdb
   4 web_search
Sun Aug 24 22:10:12 PDT 2025
with RT:       16
methods:
  12 omdb
   4 web_search
Sun Aug 24 22:12:12 PDT 2025
with RT:       16
methods:
  12 omdb
   4 web_search
Sun Aug 24 22:14:12 PDT 2025
with RT:       16
methods:
  12 omdb
   4 web_search
Sun Aug 24 22:16:12 PDT 2025
with RT:       16
methods:
  12 omdb
   4 web_search
Sun Aug 24 22:18:12 PDT 2025
with RT:       16
methods:
  12 omdb
   4 web_search
Sun Aug 24 22:20:12 PDT 2025
with RT:       16
methods:
  12 omdb
   4 web_search
Sun Aug 24 22:22:12 PDT 2025
with RT:       16
methods:
  12 omdb
   4 web_search
Sun Aug 24 22:24:13 PDT 2025
with RT:       16
methods:
  12 omdb
   4 web_search
Sun Aug 24 22:26:13 PDT 2025
with RT:       16
methods:
  12 omdb
   4 web_search
Sun Aug 24 22:28:13 PDT 2025
with RT:       16
methods:
  12 omdb
   4 web_search
Sun Aug 24 22:30:13 PDT 2025
with RT:       16
methods:
  12 omdb
   4 web_search
Sun Aug 24 22:32:13 PDT 2025
with RT:       16
methods:
  12 omdb
   4 web_search
Sun Aug 24 22:49:16 PDT 2025
with RT:       16
methods:
  12 omdb
   4 web_search
Sun Aug 24 23:59:30 PDT 2025
with RT:       16
methods:
  12 omdb
   4 web_search
Mon Aug 25 00:01:30 PDT 2025
with RT:       16
methods:
  12 omdb
   4 web_search
Mon Aug 25 00:03:30 PDT 2025
with RT:       16
methods:
  12 omdb
   4 web_search
Mon Aug 25 00:05:30 PDT 2025
with RT:       16
methods:
  12 omdb
   4 web_search
Mon Aug 25 00:07:30 PDT 2025
with RT:        0
methods:
Mon Aug 25 00:09:30 PDT 2025
with RT:        0
methods:
Mon Aug 25 00:11:30 PDT 2025
with RT:        0
methods:
Mon Aug 25 00:13:30 PDT 2025
with RT:        0
methods:
Mon Aug 25 00:15:30 PDT 2025
with RT:        0
methods:
Mon Aug 25 00:17:30 PDT 2025
with RT:        0
methods:
Mon Aug 25 00:19:30 PDT 2025
with RT:        0
methods:
Mon Aug 25 00:21:30 PDT 2025
with RT:        0
methods:
Mon Aug 25 00:23:30 PDT 2025
with RT:        0
methods:
Mon Aug 25 00:25:30 PDT 2025
with RT:        0
methods:
Mon Aug 25 00:27:30 PDT 2025
with RT:        0
methods:
Mon Aug 25 00:29:30 PDT 2025
with RT:        0
methods:
Mon Aug 25 00:31:30 PDT 2025
with RT:        0
methods:
Mon Aug 25 00:33:30 PDT 2025
with RT:        0
methods:
Mon Aug 25 00:35:30 PDT 2025
with RT:        0
methods:
Mon Aug 25 00:37:30 PDT 2025
with RT:        0
methods:
Mon Aug 25 00:39:30 PDT 2025
with RT:        0
methods:
Mon Aug 25 00:41:30 PDT 2025
with RT:        0
methods:
Mon Aug 25 00:43:30 PDT 2025
with RT:        0
methods:
Mon Aug 25 00:45:30 PDT 2025
with RT:        0
methods:
Mon Aug 25 00:47:30 PDT 2025
with RT:        0
methods:
Mon Aug 25 00:49:30 PDT 2025
with RT:        0
methods:
Mon Aug 25 00:51:31 PDT 2025
with RT:        0
methods:
Mon Aug 25 00:53:31 PDT 2025
with RT:        0
methods:
Mon Aug 25 00:55:31 PDT 2025
with RT:        0
methods:
Mon Aug 25 00:57:31 PDT 2025
with RT:        0
methods:
Mon Aug 25 00:59:31 PDT 2025
with RT:        0
methods:
Mon Aug 25 01:01:31 PDT 2025
with RT:        0
methods:
Mon Aug 25 01:03:31 PDT 2025
with RT:        0
methods:
Mon Aug 25 01:05:31 PDT 2025
with RT:        0
methods:
Mon Aug 25 01:07:31 PDT 2025
with RT:        0
methods:
Mon Aug 25 01:09:31 PDT 2025
with RT:        0
methods:
Mon Aug 25 01:11:31 PDT 2025
with RT:        0
methods:
Mon Aug 25 01:13:31 PDT 2025
with RT:        0
methods:
Mon Aug 25 01:15:31 PDT 2025
with RT:        0
methods:
Mon Aug 25 01:17:31 PDT 2025
with RT:        0
methods:
Mon Aug 25 01:19:31 PDT 2025
with RT:        0
methods:
Mon Aug 25 01:21:31 PDT 2025
with RT:        0
methods:
Mon Aug 25 01:23:31 PDT 2025
with RT:        0
methods:
Mon Aug 25 01:25:31 PDT 2025
with RT:        0
methods:
Mon Aug 25 01:27:31 PDT 2025
with RT:        0
methods:
Mon Aug 25 01:29:31 PDT 2025
with RT:        0
methods:
Mon Aug 25 01:31:31 PDT 2025
with RT:        0
methods:
Mon Aug 25 01:33:31 PDT 2025
with RT:        0
methods:
Mon Aug 25 01:35:31 PDT 2025
with RT:        0
methods:
Mon Aug 25 01:37:31 PDT 2025
with RT:        0
methods:
Mon Aug 25 01:39:32 PDT 2025
with RT:        0
methods:
Mon Aug 25 01:41:32 PDT 2025
with RT:        0
methods:
Mon Aug 25 01:43:32 PDT 2025
with RT:        0
methods:
Mon Aug 25 01:45:32 PDT 2025
with RT:        0
methods:
Mon Aug 25 01:47:32 PDT 2025
with RT:        0
methods:
Mon Aug 25 01:49:32 PDT 2025
with RT:        0
methods:
Mon Aug 25 01:51:32 PDT 2025
with RT:        0
methods:
Mon Aug 25 01:53:32 PDT 2025
with RT:        0
methods:
Mon Aug 25 01:55:32 PDT 2025
with RT:        0
methods:
Mon Aug 25 01:57:32 PDT 2025
with RT:        0
methods:
Mon Aug 25 01:59:32 PDT 2025
with RT:        0
methods:
Mon Aug 25 02:01:32 PDT 2025
with RT:        0
methods:
Mon Aug 25 02:03:32 PDT 2025
with RT:        0
methods:
Mon Aug 25 02:05:32 PDT 2025
with RT:        0
methods:
Mon Aug 25 02:07:32 PDT 2025
with RT:        0
methods:
Mon Aug 25 02:09:32 PDT 2025
with RT:        0
methods:
Mon Aug 25 02:11:32 PDT 2025
with RT:        0
methods:
Mon Aug 25 02:13:32 PDT 2025
with RT:        0
methods:
Mon Aug 25 02:15:32 PDT 2025
with RT:        0
methods:
Mon Aug 25 02:17:32 PDT 2025
with RT:        0
methods:
Mon Aug 25 02:19:32 PDT 2025
with RT:        0
methods:
Mon Aug 25 02:21:32 PDT 2025
with RT:        0
methods:
Mon Aug 25 02:23:32 PDT 2025
with RT:        0
methods:
Mon Aug 25 02:25:32 PDT 2025
with RT:        0
methods:
Mon Aug 25 02:27:33 PDT 2025
with RT:        0
methods:
Mon Aug 25 02:29:33 PDT 2025
with RT:        0
methods:
Mon Aug 25 02:31:33 PDT 2025
with RT:        0
methods:
Mon Aug 25 02:33:33 PDT 2025
with RT:        0
methods:
Mon Aug 25 02:35:33 PDT 2025
with RT:        0
methods:
Mon Aug 25 02:37:33 PDT 2025
with RT:        0
methods:
Mon Aug 25 02:39:33 PDT 2025
with RT:        0
methods:
Mon Aug 25 02:41:33 PDT 2025
with RT:        0
methods:
Mon Aug 25 02:43:33 PDT 2025
with RT:        0
methods:
Mon Aug 25 02:45:33 PDT 2025
with RT:        0
methods:
Mon Aug 25 02:47:33 PDT 2025
with RT:        0
methods:
Mon Aug 25 02:49:33 PDT 2025
with RT:        0
methods:
Mon Aug 25 02:51:33 PDT 2025
with RT:        0
methods:
Mon Aug 25 02:53:33 PDT 2025
with RT:        0
methods:
Mon Aug 25 02:55:33 PDT 2025
with RT:        0
methods:
Mon Aug 25 02:57:33 PDT 2025
with RT:        0
methods:
Mon Aug 25 02:59:33 PDT 2025
with RT:        0
methods:
Mon Aug 25 03:01:33 PDT 2025
with RT:        0
methods:
Mon Aug 25 03:03:33 PDT 2025
with RT:        0
methods:
Mon Aug 25 03:05:33 PDT 2025
with RT:        0
methods:
Mon Aug 25 03:07:33 PDT 2025
with RT:        0
methods:
Mon Aug 25 03:09:33 PDT 2025
with RT:        0
methods:
Mon Aug 25 03:11:34 PDT 2025
with RT:        0
methods:
Mon Aug 25 03:13:34 PDT 2025
with RT:        0
methods:
Mon Aug 25 03:15:34 PDT 2025
with RT:        0
methods:
Mon Aug 25 03:17:34 PDT 2025
with RT:        0
methods:
Mon Aug 25 03:19:34 PDT 2025
with RT:        0
methods:
Mon Aug 25 03:21:34 PDT 2025
with RT:        0
methods:
Mon Aug 25 03:23:34 PDT 2025
with RT:        0
methods:
Mon Aug 25 03:25:34 PDT 2025
with RT:        0
methods:
Mon Aug 25 03:27:34 PDT 2025
with RT:        0
methods:
Mon Aug 25 03:29:34 PDT 2025
with RT:        0
methods:
Mon Aug 25 03:31:34 PDT 2025
with RT:        0
methods:
Mon Aug 25 03:33:34 PDT 2025
with RT:        0
methods:
Mon Aug 25 03:35:34 PDT 2025
with RT:        0
methods:
Mon Aug 25 03:37:34 PDT 2025
with RT:        0
methods:
Mon Aug 25 03:39:34 PDT 2025
with RT:        0
methods:
Mon Aug 25 03:41:34 PDT 2025
with RT:        0
methods:
Mon Aug 25 03:43:34 PDT 2025
with RT:        0
methods:
Mon Aug 25 03:45:34 PDT 2025
with RT:        0
methods:
Mon Aug 25 03:47:34 PDT 2025
with RT:        0
methods:
Mon Aug 25 03:49:34 PDT 2025
with RT:        0
methods:
Mon Aug 25 03:51:34 PDT 2025
with RT:        0
methods:
Mon Aug 25 03:53:34 PDT 2025
with RT:        0
methods:
Mon Aug 25 03:55:35 PDT 2025
with RT:        0
methods:
Mon Aug 25 03:57:35 PDT 2025
with RT:        0
methods:
Mon Aug 25 03:59:35 PDT 2025
with RT:        0
methods:
Mon Aug 25 04:01:35 PDT 2025
with RT:        0
methods:
Mon Aug 25 04:03:35 PDT 2025
with RT:        0
methods:
Mon Aug 25 04:05:35 PDT 2025
with RT:        0
methods:
Mon Aug 25 04:07:35 PDT 2025
with RT:        0
methods:
Mon Aug 25 04:09:35 PDT 2025
with RT:        0
methods:
Mon Aug 25 04:11:35 PDT 2025
with RT:        0
methods:
Mon Aug 25 04:13:35 PDT 2025
with RT:        0
methods:
Mon Aug 25 04:15:35 PDT 2025
with RT:        0
methods:
Mon Aug 25 04:17:35 PDT 2025
with RT:        0
methods:
Mon Aug 25 04:19:35 PDT 2025
with RT:        0
methods:
Mon Aug 25 04:21:35 PDT 2025
with RT:        0
methods:
Mon Aug 25 04:23:35 PDT 2025
with RT:        0
methods:
Mon Aug 25 04:25:35 PDT 2025
with RT:        0
methods:
Mon Aug 25 04:27:35 PDT 2025
with RT:        0
methods:
Mon Aug 25 04:29:35 PDT 2025
with RT:        0
methods:
Mon Aug 25 04:31:35 PDT 2025
with RT:        0
methods:
Mon Aug 25 04:33:35 PDT 2025
with RT:        0
methods:
Mon Aug 25 04:35:35 PDT 2025
with RT:        0
methods:
Mon Aug 25 04:37:35 PDT 2025
with RT:        0
methods:
Mon Aug 25 04:39:36 PDT 2025
with RT:        0
methods:
Mon Aug 25 04:41:36 PDT 2025
with RT:        0
methods:
Mon Aug 25 04:43:36 PDT 2025
with RT:        0
methods:
Mon Aug 25 04:45:36 PDT 2025
with RT:        0
methods:
Mon Aug 25 04:47:36 PDT 2025
with RT:        0
methods:
Mon Aug 25 04:49:36 PDT 2025
with RT:        0
methods:
Mon Aug 25 04:51:36 PDT 2025
with RT:        0
methods:
Mon Aug 25 04:53:36 PDT 2025
with RT:        0
methods:
Mon Aug 25 04:55:36 PDT 2025
with RT:        0
methods:
Mon Aug 25 04:57:36 PDT 2025
with RT:        0
methods:
Mon Aug 25 11:38:52 PDT 2025
with RT:        0
methods:
Mon Aug 25 11:40:52 PDT 2025
with RT:        0
methods:
Mon Aug 25 11:42:52 PDT 2025
with RT:        0
methods:
Mon Aug 25 11:44:52 PDT 2025
with RT:        0
methods:
Mon Aug 25 11:46:52 PDT 2025
with RT:        0
methods:
Mon Aug 25 11:48:52 PDT 2025
with RT:        0
methods:
Mon Aug 25 11:50:52 PDT 2025
with RT:        0
methods:
Mon Aug 25 11:52:52 PDT 2025
with RT:        0
methods:
Mon Aug 25 11:54:52 PDT 2025
with RT:        0
methods:
Mon Aug 25 11:56:53 PDT 2025
with RT:        0
methods:
Mon Aug 25 11:58:53 PDT 2025
with RT:        0
methods:
Mon Aug 25 12:00:53 PDT 2025
with RT:        0
methods:
Mon Aug 25 12:02:53 PDT 2025
with RT:        0
methods:
Mon Aug 25 12:04:53 PDT 2025
with RT:        0
methods:
Mon Aug 25 12:06:53 PDT 2025
with RT:        0
methods:
Mon Aug 25 12:08:53 PDT 2025
with RT:        0
methods:
Mon Aug 25 12:10:53 PDT 2025
with RT:        0
methods:
Mon Aug 25 12:12:53 PDT 2025
with RT:        0
methods:
Mon Aug 25 12:14:53 PDT 2025
with RT:        0
methods:
Mon Aug 25 12:16:53 PDT 2025
with RT:        0
methods:
Mon Aug 25 12:18:53 PDT 2025
with RT:        0
methods:
Mon Aug 25 12:20:53 PDT 2025
with RT:        0
methods:
Mon Aug 25 12:22:53 PDT 2025
with RT:        0
methods:
Mon Aug 25 12:24:53 PDT 2025
with RT:        0
methods:
Mon Aug 25 12:26:53 PDT 2025
with RT:        0
methods:
Mon Aug 25 12:28:53 PDT 2025
with RT:        0
methods:
Mon Aug 25 12:30:53 PDT 2025
with RT:        0
methods:
Mon Aug 25 12:32:53 PDT 2025
with RT:        0
methods:
Mon Aug 25 12:34:54 PDT 2025
with RT:        0
methods:
Mon Aug 25 12:36:54 PDT 2025
with RT:        0
methods:
Mon Aug 25 12:38:54 PDT 2025
with RT:        0
methods:
Mon Aug 25 12:40:54 PDT 2025
with RT:        0
methods:
Mon Aug 25 12:42:54 PDT 2025
with RT:        0
methods:
Mon Aug 25 12:44:54 PDT 2025
with RT:        0
methods:
Mon Aug 25 12:46:54 PDT 2025
with RT:        0
methods:
Mon Aug 25 12:48:54 PDT 2025
with RT:        0
methods:
Mon Aug 25 12:50:54 PDT 2025
with RT:        0
methods:
Mon Aug 25 12:52:54 PDT 2025
with RT:        0
methods:
Mon Aug 25 12:54:54 PDT 2025
with RT:        0
methods:
Mon Aug 25 12:56:54 PDT 2025
with RT:        0
methods:
Mon Aug 25 12:58:54 PDT 2025
with RT:        0
methods:
Mon Aug 25 13:00:54 PDT 2025
with RT:        0
methods:
Mon Aug 25 13:02:54 PDT 2025
with RT:        0
methods:
Mon Aug 25 13:04:54 PDT 2025
with RT:        0
methods:
Mon Aug 25 13:07:00 PDT 2025
with RT:        0
methods:
Mon Aug 25 13:09:00 PDT 2025
with RT:        0
methods:
Mon Aug 25 13:11:00 PDT 2025
with RT:        0
methods:
Mon Aug 25 13:13:00 PDT 2025
with RT:        0
methods:
Mon Aug 25 13:15:00 PDT 2025
with RT:        0
methods:
Mon Aug 25 13:17:00 PDT 2025
with RT:        0
methods:
Mon Aug 25 13:19:00 PDT 2025
with RT:        0
methods:
Mon Aug 25 13:21:00 PDT 2025
with RT:        0
methods:
Mon Aug 25 13:23:00 PDT 2025
with RT:        0
methods:
Mon Aug 25 13:25:01 PDT 2025
with RT:        0
methods:
Mon Aug 25 13:27:01 PDT 2025
with RT:        0
methods:
Mon Aug 25 13:29:01 PDT 2025
with RT:        0
methods:
Mon Aug 25 13:31:01 PDT 2025
with RT:        0
methods:
Mon Aug 25 13:33:01 PDT 2025
with RT:        0
methods:
Mon Aug 25 13:35:01 PDT 2025
with RT:        0
methods:
Mon Aug 25 13:37:01 PDT 2025
with RT:        0
methods:
Mon Aug 25 13:39:01 PDT 2025
with RT:        0
methods:
Mon Aug 25 13:41:01 PDT 2025
with RT:        0
methods:
Mon Aug 25 13:43:01 PDT 2025
with RT:        0
methods:
Mon Aug 25 13:45:01 PDT 2025
with RT:        0
methods:
Mon Aug 25 13:47:01 PDT 2025
with RT:        0
methods:
Mon Aug 25 13:49:01 PDT 2025
with RT:        0
methods:
Mon Aug 25 13:51:01 PDT 2025
with RT:        0
methods:
Mon Aug 25 13:53:01 PDT 2025
with RT:        0
methods:
Mon Aug 25 13:55:01 PDT 2025
with RT:        0
methods:
Mon Aug 25 13:57:01 PDT 2025
with RT:        0
methods:
Mon Aug 25 13:59:01 PDT 2025
with RT:        0
methods:
Mon Aug 25 14:01:01 PDT 2025
with RT:        0
methods:
Mon Aug 25 14:03:01 PDT 2025
with RT:        0
methods:
Mon Aug 25 14:05:01 PDT 2025
with RT:        0
methods:
Mon Aug 25 14:07:01 PDT 2025
with RT:        0
methods:
Mon Aug 25 14:09:02 PDT 2025
with RT:        0
methods:
Mon Aug 25 14:11:02 PDT 2025
with RT:        0
methods:
Mon Aug 25 14:13:02 PDT 2025
with RT:        0
methods:
Mon Aug 25 14:15:02 PDT 2025
with RT:        0
methods:
Mon Aug 25 14:17:02 PDT 2025
with RT:        0
methods:
Mon Aug 25 14:19:02 PDT 2025
with RT:        0
methods:
Mon Aug 25 14:21:02 PDT 2025
with RT:        0
methods:
Mon Aug 25 14:23:02 PDT 2025
with RT:        0
methods:
Mon Aug 25 14:25:02 PDT 2025
with RT:        0
methods:
Mon Aug 25 14:27:02 PDT 2025
with RT:        0
methods:
Mon Aug 25 14:29:02 PDT 2025
with RT:        0
methods:
Mon Aug 25 14:31:02 PDT 2025
with RT:        0
methods:
Mon Aug 25 14:33:02 PDT 2025
with RT:        0
methods:
Mon Aug 25 14:35:02 PDT 2025
with RT:        0
methods:
Mon Aug 25 14:37:02 PDT 2025
with RT:        0
methods:
Mon Aug 25 14:39:02 PDT 2025
with RT:        0
methods:
Mon Aug 25 14:41:02 PDT 2025
with RT:        0
methods:
Mon Aug 25 14:43:02 PDT 2025
with RT:        0
methods:
Mon Aug 25 14:45:02 PDT 2025
with RT:        0
methods:
Mon Aug 25 14:47:02 PDT 2025
with RT:        0
methods:
Mon Aug 25 14:49:02 PDT 2025
with RT:        0
methods:
Mon Aug 25 14:51:02 PDT 2025
with RT:        0
methods:
Mon Aug 25 14:53:03 PDT 2025
with RT:        0
methods:
Mon Aug 25 14:55:03 PDT 2025
with RT:        0
methods:
Mon Aug 25 14:57:03 PDT 2025
with RT:        0
methods:
Mon Aug 25 14:59:03 PDT 2025
with RT:        0
methods:
Mon Aug 25 15:01:03 PDT 2025
with RT:        0
methods:
Mon Aug 25 15:03:03 PDT 2025
with RT:        0
methods:
Mon Aug 25 15:05:03 PDT 2025
with RT:        0
methods:
Mon Aug 25 15:07:03 PDT 2025
with RT:        0
methods:
Mon Aug 25 15:09:03 PDT 2025
with RT:        0
methods:
Mon Aug 25 15:11:03 PDT 2025
with RT:        0
methods:
Mon Aug 25 15:13:03 PDT 2025
with RT:        0
methods:
Mon Aug 25 15:15:03 PDT 2025
with RT:        0
methods:
Mon Aug 25 15:17:03 PDT 2025
with RT:        0
methods:
Mon Aug 25 15:19:03 PDT 2025
with RT:        0
methods:
Mon Aug 25 15:21:03 PDT 2025
with RT:        0
methods:
Mon Aug 25 15:23:03 PDT 2025
with RT:        0
methods:
Mon Aug 25 15:25:03 PDT 2025
with RT:        0
methods:
Mon Aug 25 15:27:03 PDT 2025
with RT:        0
methods:
Mon Aug 25 15:29:03 PDT 2025
with RT:        0
methods:
Mon Aug 25 15:31:03 PDT 2025
with RT:        0
methods:
Mon Aug 25 15:33:03 PDT 2025
with RT:        0
methods:
Mon Aug 25 15:35:03 PDT 2025
with RT:        0
methods:
Mon Aug 25 15:37:03 PDT 2025
with RT:        0
methods:
Mon Aug 25 15:39:04 PDT 2025
with RT:        0
methods:
